<?xml version="1.0" encoding="UTF-8"?>
<!-- Generated by org.testng.reporters.JUnitReportReporter -->
<testsuite hostname="DESKTOP-VSHGPSD" name="com.orange.rough.TestProperties" tests="2" failures="0" timestamp="19 Jun 2019 07:57:01 GMT" time="0.020" errors="0">
  <testcase name="receiver" time="0.001" classname="com.orange.rough.TestProperties"/>
  <testcase name="receiver" time="0.019" classname="com.orange.rough.TestProperties"/>
</testsuite> <!-- com.orange.rough.TestProperties -->
