<?xml version="1.0" encoding="UTF-8"?>
<!-- Generated by org.testng.reporters.JUnitReportReporter -->
<testsuite hostname="DESKTOP-KTFHS8E" name="com.orange.utilities.DataProviderExcel" tests="2" failures="0" timestamp="18 Jun 2018 19:38:22 GMT" time="0.013" errors="0">
  <testcase name="receiver" time="0.012" classname="com.orange.utilities.DataProviderExcel"/>
  <testcase name="receiver" time="0.001" classname="com.orange.utilities.DataProviderExcel"/>
</testsuite> <!-- com.orange.utilities.DataProviderExcel -->
